<html>
<head>
<title>TestNG:  Default test</title>
<link href="../testng.css" rel="stylesheet" type="text/css" />
<link href="../my-testng.css" rel="stylesheet" type="text/css" />

<style type="text/css">
.log { display: none;} 
.stack-trace { display: none;} 
</style>
<script type="text/javascript">
<!--
function flip(e) {
  current = e.style.display;
  if (current == 'block') {
    e.style.display = 'none';
    return 0;
  }
  else {
    e.style.display = 'block';
    return 1;
  }
}

function toggleBox(szDivId, elem, msg1, msg2)
{
  var res = -1;  if (document.getElementById) {
    res = flip(document.getElementById(szDivId));
  }
  else if (document.all) {
    // this is the way old msie versions work
    res = flip(document.all[szDivId]);
  }
  if(elem) {
    if(res == 0) elem.innerHTML = msg1; else elem.innerHTML = msg2;
  }

}

function toggleAllBoxes() {
  if (document.getElementsByTagName) {
    d = document.getElementsByTagName('div');
    for (i = 0; i < d.length; i++) {
      if (d[i].className == 'log') {
        flip(d[i]);
      }
    }
  }
}

// -->
</script>

</head>
<body>
<h2 align='center'>Default test</h2><table border='1' align="center">
<tr>
<td>Tests passed/Failed/Skipped:</td><td>0/1/0</td>
</tr><tr>
<td>Started on:</td><td>Mon Nov 04 14:32:50 IST 2019</td>
</tr>
<tr><td>Total time:</td><td>126 seconds (126970 ms)</td>
</tr><tr>
<td>Included groups:</td><td></td>
</tr><tr>
<td>Excluded groups:</td><td></td>
</tr>
</table><p/>
<small><i>(Hover the method name to see the test class name)</i></small><p/>
<table width='100%' border='1' class='invocation-failed'>
<tr><td colspan='4' align='center'><b>FAILED TESTS</b></td></tr>
<tr><td><b>Test method</b></td>
<td width="30%"><b>Exception</b></td>
<td width="10%"><b>Time (seconds)</b></td>
<td><b>Instance</b></td>
</tr>
<tr>
<td title='testsuite.EE001.test()'><b>test</b><br>Test class: testsuite.EE001<br>Parameters: https://preproduction.whitecap.com, Dont care, Dont care, Dont care, Dont care, Dont care, Dont care, Dont care, Dont care, Dont care, Dont care, Dont care, hammers, Dont care, Dont care, Dont care, Dont care, Dont care, Dont care, Dont care, Dont care, Dont care, Dont care, Dont care, Dont care, Dont care, Dont care, Dont care, Dont care, Dont care, Dont care, Dont care, Dont care, Dont care, Dont care, Dont care, Dont care, 30301, Dont care, Dont care, Dont care, Dont care, Dont care, Dont care, Dont care, Dont care, Dont care, Dont care, Dont care, Dont care, Dont care, Dont care, Dont care, Dont care, Dont care, Dont care, Dont care, Dont care, Dont care, Dont care, Dont care, Dont care, Dont care, Dont care, Dont care, Dont care, Dont care, Dont care, Dont care, Dont care, Dont care, Dont care, Dont care, Dont care, Dont care, Dont care, Dont care, Dont care, Dont care, Dont care, Dont care, Dont care, Dont care, Dont care, Dont care, Dont care, Dont care, Dont care, Dont care, Dont care, Dont care, Dont care, Dont care, Dont care, Dont care, Dont care, Dont care, Dont care, Dont care, Dont care, Dont care, Dont care, Dont care, Dont care, Dont care, Dont care, Dont care, Dont care, Dont care, Dont care, Dont care, Dont care, Dont care, Dont care, Dont care, Dont care, Dont care, Dont care, Dont care, Dont care, Dont care, Dont care, Dont care, test123@gmail.com, Dont care, Dont care, Dont care, Dont care, Dont care, Dont care, Dont care, Dont care, Dont care, Georgia, Dont care, Dont care, Dont care, Dont care, Dont care, Dont care, Dont care, Dont care, Dont care, 30301, 1234567890, LAST, FIRST, Dont care, Atlanta, First Street, Dont care, Dont care, Dont care, Dont care, Dont care, Dont care, Dont care, Dont care, Dont care, Dont care, Test, Dont care, Dont care, Dont care, Dont care, Dont care, Dont care, Dont care, Dont care, Dont care, Dont care, Dont care, Dont care, Dont care, Dont care, Dont care, Dont care, Dont care, Dont care, Dont care, Dont care, Dont care, Dont care, 5678, Dont care, 345, Test, 123, 1222, 6011000000000004, Dont care, Dont care, Dont care, Dont care, Dont care, Dont care, Dont care, Dont care, Dont care, Dont care, Dont care, Dont care, Dont care, Dont care, 123, Dont care, Dont care, Dont care, Dont care, Dont care, Dont care, Dont care, Dont care, Dont care, Dont care, Dont care, Dont care, Dont care, Dont care, Dont care, Dont care, Dont care, Dont care, Dont care, https://preproduction-cm.whitecap.com, Dont care, Dont care, Dont care, Dont care, Dont care, kkecomm19@gmail.com, HDSupply19, Dont care, Dont care, Dont care, Dont care, Dont care, Dont care, Dont care, Dont care, Dont care, Dont care<br/>
<a href="#Output-1205321651" onClick='toggleBox("Output-1205321651", this, "Show output", "Hide output");'>Show output</a>

<a href="#Output-1205321651" onClick="toggleAllBoxes();">Show all outputs</a>
<div class='log' id="Output-1205321651">
Step - 1- Perform LaunchURL Action<br/>
Step - 2- verify pageHome screen<br/>
Step - 3- Fill pageHome form pageHome screen<br/>
Step - 4- click Submit button pageHome screen pageHome form<br/>
Step - 5- verify PageGeneric screen<br/>
Step - 6- click elePriceFilter hyperlink pageSearchProductResults screen<br/>
Step - 7- click eleproduct listing hyperlink pageSearchProductResults screen<br/>
Step - 8- click LnkIncreaseQuantityPDP hyperlink PageGeneric screen PageGeneric form<br/>
Step - 9- click LnkIncreaseQuantityPDP hyperlink PageGeneric screen PageGeneric form<br/>
Step - 10- click LnkIncreaseQuantityPDP hyperlink PageGeneric screen PageGeneric form<br/>
Step - 11- click LnkIncreaseQuantityPDP hyperlink PageGeneric screen PageGeneric form<br/>
Step - 12- click LnkIncreaseQuantityPDP hyperlink PageGeneric screen PageGeneric form<br/>
Step - 13- click LnkIncreaseQuantityPDP hyperlink PageGeneric screen PageGeneric form<br/>
Step - 14- click LnkIncreaseQuantityPDP hyperlink PageGeneric screen PageGeneric form<br/>
Step - 15- click LnkIncreaseQuantityPDP hyperlink PageGeneric screen PageGeneric form<br/>
Step - 16- click LnkIncreaseQuantityPDP hyperlink PageGeneric screen PageGeneric form<br/>
Step - 17- click LnkDecreaseQuantityPDP hyperlink PageGeneric screen PageGeneric form<br/>
Step - 18- click LnkDecreaseQuantityPDP hyperlink PageGeneric screen PageGeneric form<br/>
Step - 19- click BtnAddtoCart button PageGeneric screen PageGeneric form<br/>
Step - 20- Verify ProductAddedToCart Action<br/>
Step - 21- click LinkViewCart hyperlink PageGeneric screen PageGeneric form<br/>
Step - 22- click eleLocationDropDown hyperlink PageGeneric screen PageGeneric form<br/>
Step - 23- Fill PageGeneric form PageGeneric screen<br/>
Step - 24- click btnZipcodeHeaderSearch button PageGeneric screen PageGeneric form<br/>
Step - 25- click btnZipcodeHeaderUpdate button PageGeneric screen PageGeneric form<br/>
Step - 26- click LnkCheckoutCartpage hyperlink PageCart screen<br/>
Step - 27- verify pageCheckout screen<br/>
Step - 28- Fill pageCheckout form pageCheckout screen<br/>
Step - 29- click btnContinueAsGuest button pageCheckout screen pageCheckout form<br/>
Step - 30- Fill pageCheckout form pageCheckout screen<br/>
Step - 31- click btnCheckoutSaveAndContinue button pageCheckout screen pageCheckout form<br/>
Step - 32- Fill pageCheckout form pageCheckout screen<br/>
Step - 33- click btnCheckoutSaveAndContinue button pageCheckout screen pageCheckout form<br/>
</div>
</td>
<td><div><pre>org.openqa.selenium.WebDriverException: unknown error: Element &lt;button type=&quot;submit&quot; disabled=&quot;disabled&quot; class=&quot;button button--blue&quot;&gt;...&lt;/button&gt; is not clickable at point (151, 553). Other element would receive the click: &lt;div class=&quot;form__column-half&quot;&gt;...&lt;/div&gt;
  (Session info: chrome=78.0.3904.87)
  (Driver info: chromedriver=2.41.578737 (49da6702b16031c40d63e5618de03a32ff6c197e),platform=Windows NT 10.0.18362 x86_64) (WARNING: The server did not provide any stacktrace information)
Command duration or timeout: 0 milliseconds
Build info: version: &apos;3.11.0&apos;, revision: &apos;e59cfb3&apos;, time: &apos;2018-03-11T20:33:15.31Z&apos;
System info: host: &apos;VISHWA&apos;, ip: &apos;192.168.1.98&apos;, os.name: &apos;Windows 10&apos;, os.arch: &apos;amd64&apos;, os.version: &apos;10.0&apos;, java.version: &apos;11.0.2&apos;
Driver info: org.openqa.selenium.chrome.ChromeDriver
Capabilities {acceptInsecureCerts: false, acceptSslCerts: false, applicationCacheEnabled: false, browserConnectionEnabled: false, browserName: chrome, chrome: {chromedriverVersion: 2.41.578737 (49da6702b16031..., userDataDir: C:\Users\VISHWA~1\AppData\L...}, cssSelectorsEnabled: true, databaseEnabled: false, goog:chromeOptions: {debuggerAddress: localhost:51758}, handlesAlerts: true, hasTouchScreen: false, javascriptEnabled: true, locationContextEnabled: true, mobileEmulationEnabled: false, nativeEvents: true, networkConnectionEnabled: false, pageLoadStrategy: normal, platform: XP, platformName: XP, rotatable: false, setWindowRect: true, takesHeapSnapshot: true, takesScreenshot: true, unexpectedAlertBehaviour: , unhandledPromptBehavior: , version: 78.0.3904.87, webStorageEnabled: true}
Session ID: 76eb5917de5540b4e74936a1668e9222
	at java.base/jdk.internal.reflect.NativeConstructorAccessorImpl.newInstance0(Native Method)
	at java.base/jdk.internal.reflect.NativeConstructorAccessorImpl.newInstance(NativeConstructorAccessorImpl.java:62)
	at java.base/jdk.internal.reflect.DelegatingConstructorAccessorImpl.newInstance(DelegatingConstructorAccessorImpl.java:45)
	at java.base/java.lang.reflect.Constructor.newInstance(Constructor.java:490)
	at org.openqa.selenium.remote.ErrorHandler.createThrowable(ErrorHandler.java:214)
	at org.openqa.selenium.remote.ErrorHandler.throwIfResponseFailed(ErrorHandler.java:166)
	at org.openqa.selenium.remote.http.JsonHttpResponseCodec.reconstructValue(JsonHttpResponseCodec.java:40)
	at org.openqa.selenium.remote.http.AbstractHttpResponseCodec.decode(AbstractHttpResponseCodec.java:80)
	at org.openqa.selenium.remote.http.AbstractHttpResponseCodec.decode(AbstractHttpResponseCodec.java:44)
	at org.openqa.selenium.remote.HttpCommandExecutor.execute(HttpCommandExecutor.java:158)
	at org.openqa.selenium.remote.service.DriverCommandExecutor.execute(DriverCommandExecutor.java:83)
	at org.openqa.selenium.remote.RemoteWebDriver.execute(RemoteWebDriver.java:545)
	at org.openqa.selenium.remote.RemoteWebElement.execute(RemoteWebElement.java:279)
	at org.openqa.selenium.remote.RemoteWebElement.click(RemoteWebElement.java:83)
	at jdk.internal.reflect.GeneratedMethodAccessor1.invoke(Unknown Source)
	at java.base/jdk.internal.reflect.DelegatingMethodAccessorImpl.invoke(DelegatingMethodAccessorImpl.java:43)
	at java.base/java.lang.reflect.Method.invoke(Method.java:566)
	at org.openqa.selenium.support.pagefactory.internal.LocatingElementHandler.invoke(LocatingElementHandler.java:51)
	at com.sun.proxy.$Proxy13.click(Unknown Source)
	at PageObjects.pageCheckout_Page.click_btnCheckoutSaveAndContinue(pageCheckout_Page.java:1432)
	at testsuite.EE001.test(EE001.java:599)
	at java.base/jdk.internal.reflect.NativeMethodAccessorImpl.invoke0(Native Method)
	at java.base/jdk.internal.reflect.NativeMethodAccessorImpl.invoke(NativeMethodAccessorImpl.java:62)
	at java.base/jdk.internal.reflect.DelegatingMethodAccessorImpl.invoke(DelegatingMethodAccessorImpl.java:43)
	at java.base/java.lang.reflect.Method.invoke(Method.java:566)
	at org.testng.internal.MethodInvocationHelper.invokeMethod(MethodInvocationHelper.java:85)
	at org.testng.internal.Invoker.invokeMethod(Invoker.java:639)
	at org.testng.internal.Invoker.invokeTestMethod(Invoker.java:816)
	at org.testng.internal.Invoker.invokeTestMethods(Invoker.java:1124)
	at org.testng.internal.TestMethodWorker.invokeTestMethods(TestMethodWorker.java:125)
	at org.testng.internal.TestMethodWorker.run(TestMethodWorker.java:108)
	at org.testng.TestRunner.privateRun(TestRunner.java:774)
	at org.testng.TestRunner.run(TestRunner.java:624)
	at org.testng.SuiteRunner.runTest(SuiteRunner.java:359)
	at org.testng.SuiteRunner.runSequentially(SuiteRunner.java:354)
	at org.testng.SuiteRunner.privateRun(SuiteRunner.java:312)
	at org.testng.SuiteRunner.run(SuiteRunner.java:261)
	at org.testng.SuiteRunnerWorker.runSuite(SuiteRunnerWorker.java:52)
	at org.testng.SuiteRunnerWorker.run(SuiteRunnerWorker.java:86)
	at org.testng.TestNG.runSuitesSequentially(TestNG.java:1215)
	at org.testng.TestNG.runSuitesLocally(TestNG.java:1140)
	at org.testng.TestNG.run(TestNG.java:1048)
	at org.testng.remote.AbstractRemoteTestNG.run(AbstractRemoteTestNG.java:115)
	at org.testng.remote.RemoteTestNG.initAndRun(RemoteTestNG.java:251)
	at org.testng.remote.RemoteTestNG.main(RemoteTestNG.java:77)
</pre></div><a href='#' onClick='toggleBox("stack-trace1205321651", this, "Click to show all stack frames", "Click to hide stack frames")'>Click to show all stack frames</a>
<div class='stack-trace' id='stack-trace1205321651'><pre>org.openqa.selenium.WebDriverException: unknown error: Element &lt;button type=&quot;submit&quot; disabled=&quot;disabled&quot; class=&quot;button button--blue&quot;&gt;...&lt;/button&gt; is not clickable at point (151, 553). Other element would receive the click: &lt;div class=&quot;form__column-half&quot;&gt;...&lt;/div&gt;
  (Session info: chrome=78.0.3904.87)
  (Driver info: chromedriver=2.41.578737 (49da6702b16031c40d63e5618de03a32ff6c197e),platform=Windows NT 10.0.18362 x86_64) (WARNING: The server did not provide any stacktrace information)
Command duration or timeout: 0 milliseconds
Build info: version: &apos;3.11.0&apos;, revision: &apos;e59cfb3&apos;, time: &apos;2018-03-11T20:33:15.31Z&apos;
System info: host: &apos;VISHWA&apos;, ip: &apos;192.168.1.98&apos;, os.name: &apos;Windows 10&apos;, os.arch: &apos;amd64&apos;, os.version: &apos;10.0&apos;, java.version: &apos;11.0.2&apos;
Driver info: org.openqa.selenium.chrome.ChromeDriver
Capabilities {acceptInsecureCerts: false, acceptSslCerts: false, applicationCacheEnabled: false, browserConnectionEnabled: false, browserName: chrome, chrome: {chromedriverVersion: 2.41.578737 (49da6702b16031..., userDataDir: C:\Users\VISHWA~1\AppData\L...}, cssSelectorsEnabled: true, databaseEnabled: false, goog:chromeOptions: {debuggerAddress: localhost:51758}, handlesAlerts: true, hasTouchScreen: false, javascriptEnabled: true, locationContextEnabled: true, mobileEmulationEnabled: false, nativeEvents: true, networkConnectionEnabled: false, pageLoadStrategy: normal, platform: XP, platformName: XP, rotatable: false, setWindowRect: true, takesHeapSnapshot: true, takesScreenshot: true, unexpectedAlertBehaviour: , unhandledPromptBehavior: , version: 78.0.3904.87, webStorageEnabled: true}
Session ID: 76eb5917de5540b4e74936a1668e9222
	at java.base/jdk.internal.reflect.NativeConstructorAccessorImpl.newInstance0(Native Method)
	at java.base/jdk.internal.reflect.NativeConstructorAccessorImpl.newInstance(NativeConstructorAccessorImpl.java:62)
	at java.base/jdk.internal.reflect.DelegatingConstructorAccessorImpl.newInstance(DelegatingConstructorAccessorImpl.java:45)
	at java.base/java.lang.reflect.Constructor.newInstance(Constructor.java:490)
	at org.openqa.selenium.remote.ErrorHandler.createThrowable(ErrorHandler.java:214)
	at org.openqa.selenium.remote.ErrorHandler.throwIfResponseFailed(ErrorHandler.java:166)
	at org.openqa.selenium.remote.http.JsonHttpResponseCodec.reconstructValue(JsonHttpResponseCodec.java:40)
	at org.openqa.selenium.remote.http.AbstractHttpResponseCodec.decode(AbstractHttpResponseCodec.java:80)
	at org.openqa.selenium.remote.http.AbstractHttpResponseCodec.decode(AbstractHttpResponseCodec.java:44)
	at org.openqa.selenium.remote.HttpCommandExecutor.execute(HttpCommandExecutor.java:158)
	at org.openqa.selenium.remote.service.DriverCommandExecutor.execute(DriverCommandExecutor.java:83)
	at org.openqa.selenium.remote.RemoteWebDriver.execute(RemoteWebDriver.java:545)
	at org.openqa.selenium.remote.RemoteWebElement.execute(RemoteWebElement.java:279)
	at org.openqa.selenium.remote.RemoteWebElement.click(RemoteWebElement.java:83)
	at jdk.internal.reflect.GeneratedMethodAccessor1.invoke(Unknown Source)
	at java.base/jdk.internal.reflect.DelegatingMethodAccessorImpl.invoke(DelegatingMethodAccessorImpl.java:43)
	at java.base/java.lang.reflect.Method.invoke(Method.java:566)
	at org.openqa.selenium.support.pagefactory.internal.LocatingElementHandler.invoke(LocatingElementHandler.java:51)
	at com.sun.proxy.$Proxy13.click(Unknown Source)
	at PageObjects.pageCheckout_Page.click_btnCheckoutSaveAndContinue(pageCheckout_Page.java:1432)
	at testsuite.EE001.test(EE001.java:599)
	at java.base/jdk.internal.reflect.NativeMethodAccessorImpl.invoke0(Native Method)
	at java.base/jdk.internal.reflect.NativeMethodAccessorImpl.invoke(NativeMethodAccessorImpl.java:62)
	at java.base/jdk.internal.reflect.DelegatingMethodAccessorImpl.invoke(DelegatingMethodAccessorImpl.java:43)
	at java.base/java.lang.reflect.Method.invoke(Method.java:566)
	at org.testng.internal.MethodInvocationHelper.invokeMethod(MethodInvocationHelper.java:85)
	at org.testng.internal.Invoker.invokeMethod(Invoker.java:639)
	at org.testng.internal.Invoker.invokeTestMethod(Invoker.java:816)
	at org.testng.internal.Invoker.invokeTestMethods(Invoker.java:1124)
	at org.testng.internal.TestMethodWorker.invokeTestMethods(TestMethodWorker.java:125)
	at org.testng.internal.TestMethodWorker.run(TestMethodWorker.java:108)
	at org.testng.TestRunner.privateRun(TestRunner.java:774)
	at org.testng.TestRunner.run(TestRunner.java:624)
	at org.testng.SuiteRunner.runTest(SuiteRunner.java:359)
	at org.testng.SuiteRunner.runSequentially(SuiteRunner.java:354)
	at org.testng.SuiteRunner.privateRun(SuiteRunner.java:312)
	at org.testng.SuiteRunner.run(SuiteRunner.java:261)
	at org.testng.SuiteRunnerWorker.runSuite(SuiteRunnerWorker.java:52)
	at org.testng.SuiteRunnerWorker.run(SuiteRunnerWorker.java:86)
	at org.testng.TestNG.runSuitesSequentially(TestNG.java:1215)
	at org.testng.TestNG.runSuitesLocally(TestNG.java:1140)
	at org.testng.TestNG.run(TestNG.java:1048)
	at org.testng.remote.AbstractRemoteTestNG.run(AbstractRemoteTestNG.java:115)
	at org.testng.remote.RemoteTestNG.initAndRun(RemoteTestNG.java:251)
	at org.testng.remote.RemoteTestNG.main(RemoteTestNG.java:77)
</pre></div></td>
<td>105</td>
<td>testsuite.EE001@26b3fd41</td></tr>
</table><p>
</body>
</html>